Using pre-set license
Built from '2020.3/staging' branch; Version is '2020.3.9f1 (108be757e447) revision 1084391'; Using compiler version '192528614'; Build Type 'Release'
OS: 'Windows 10 Home; OS build 19042.1165; Version 2009; 64bit' Language: 'ja' Physical Memory: 16204 MB
BatchMode: 1, IsHumanControllingUs: 0, StartBugReporterOnCrash: 0, Is64bit: 1, IsPro: 0

 COMMAND LINE ARGUMENTS:
D:\unity\hub\editor\2020.3.9f1\Editor\Unity.exe
-adb2
-batchMode
-noUpm
-name
AssetImportWorker0
-projectPath
D:/unity/project/PinBall
-logFile
Logs/AssetImportWorker0.log
-srvPort
49878
Successfully changed project path to: D:/unity/project/PinBall
D:/unity/project/PinBall
Using Asset Import Pipeline V2.
Refreshing native plugins compatible for Editor in 19.42 ms, found 0 plugins.
Preloading 0 native plugins for Editor in 0.00 ms.
Initialize engine version: 2020.3.9f1 (108be757e447)
[Subsystems] Discovering subsystems at path D:/unity/hub/editor/2020.3.9f1/Editor/Data/Resources/UnitySubsystems
[Subsystems] Discovering subsystems at path D:/unity/project/PinBall/Assets
GfxDevice: creating device client; threaded=0
Direct3D:
    Version:  Direct3D 11.0 [level 11.1]
    Renderer: NVIDIA GeForce RTX 2070 (ID=0x1f14)
    Vendor:   
    VRAM:     8031 MB
    Driver:   26.21.14.4223
Initialize mono
Mono path[0] = 'D:/unity/hub/editor/2020.3.9f1/Editor/Data/Managed'
Mono path[1] = 'D:/unity/hub/editor/2020.3.9f1/Editor/Data/MonoBleedingEdge/lib/mono/unityjit'
Mono config path = 'D:/unity/hub/editor/2020.3.9f1/Editor/Data/MonoBleedingEdge/etc'
Using monoOptions --debugger-agent=transport=dt_socket,embedding=1,server=y,suspend=n,address=127.0.0.1:56084
Begin MonoManager ReloadAssembly
Registering precompiled unity dll's ...
Register platform support module: D:/unity/hub/editor/2020.3.9f1/Editor/Data/PlaybackEngines/WebGLSupport/UnityEditor.WebGL.Extensions.dll
Register platform support module: D:/unity/hub/editor/2020.3.9f1/Editor/Data/PlaybackEngines/WindowsStandaloneSupport/UnityEditor.WindowsStandalone.Extensions.dll
Registered in 0.001016 seconds.
Native extension for WindowsStandalone target not found
Native extension for WebGL target not found
Refreshing native plugins compatible for Editor in 18.97 ms, found 0 plugins.
Preloading 0 native plugins for Editor in 0.00 ms.
Mono: successfully reloaded assembly
- Completed reload, in  1.138 seconds
Platform modules already initialized, skipping
Registering precompiled user dll's ...
Registered in 0.000390 seconds.
Begin MonoManager ReloadAssembly
Native extension for WindowsStandalone target not found
Native extension for WebGL target not found
Refreshing native plugins compatible for Editor in 0.17 ms, found 0 plugins.
Preloading 0 native plugins for Editor in 0.00 ms.
Mono: successfully reloaded assembly
- Completed reload, in  0.635 seconds
Platform modules already initialized, skipping
========================================================================
Worker process is ready to serve import requests
Launched and connected shader compiler UnityShaderCompiler.exe after 0.04 seconds
Refreshing native plugins compatible for Editor in 0.17 ms, found 0 plugins.
Preloading 0 native plugins for Editor in 0.00 ms.
Unloading 1116 Unused Serialized files (Serialized files now loaded: 0)
System memory in use before: 57.2 MB.
System memory in use after: 57.2 MB.

Unloading 10 unused Assets to reduce memory usage. Loaded Objects now: 1557.
Total: 1.344700 ms (FindLiveObjects: 0.107500 ms CreateObjectMapping: 0.030200 ms MarkObjects: 1.146900 ms  DeleteObjects: 0.058500 ms)

========================================================================
Received Import Request.
  path: Assets/New Material.mat
  artifactKey: Guid(d78eca8d2e8ef8a42b601aa4d61e90f3) Importer(815301076,1909f56bfc062723c751e8b465ee728b)
Start importing Assets/New Material.mat using Guid(d78eca8d2e8ef8a42b601aa4d61e90f3) Importer(815301076,1909f56bfc062723c751e8b465ee728b)  -> (artifact id: 'd465e8bfd1e88be7560335ccdf25b724') in 0.120865 seconds
  Import took 0.122333 seconds .

========================================================================
Received Import Request.
  Time since last request: 4.136442 seconds.
  path: Assets/SmallStarColor.mat
  artifactKey: Guid(d78eca8d2e8ef8a42b601aa4d61e90f3) Importer(815301076,1909f56bfc062723c751e8b465ee728b)
Start importing Assets/SmallStarColor.mat using Guid(d78eca8d2e8ef8a42b601aa4d61e90f3) Importer(815301076,1909f56bfc062723c751e8b465ee728b)  -> (artifact id: '7145662bfac5f67fd17a1153929d9fa5') in 0.010314 seconds
  Import took 0.011920 seconds .

========================================================================
Received Import Request.
  Time since last request: 71.223962 seconds.
  path: Assets/New Material.mat
  artifactKey: Guid(ef6bf99f393ea9449988af8fd3308c18) Importer(815301076,1909f56bfc062723c751e8b465ee728b)
Start importing Assets/New Material.mat using Guid(ef6bf99f393ea9449988af8fd3308c18) Importer(815301076,1909f56bfc062723c751e8b465ee728b)  -> (artifact id: '27b08a39a5791b67471648f022906261') in 0.008341 seconds
  Import took 0.010033 seconds .

========================================================================
Received Import Request.
  Time since last request: 17.570757 seconds.
  path: Assets/LargeStarColor.mat
  artifactKey: Guid(ef6bf99f393ea9449988af8fd3308c18) Importer(815301076,1909f56bfc062723c751e8b465ee728b)
Start importing Assets/LargeStarColor.mat using Guid(ef6bf99f393ea9449988af8fd3308c18) Importer(815301076,1909f56bfc062723c751e8b465ee728b)  -> (artifact id: 'f5e64fbf80f49bf581a086a2a16f5401') in 0.009279 seconds
  Import took 0.011047 seconds .

========================================================================
Received Import Request.
  Time since last request: 63.842273 seconds.
  path: Assets/CloudColor.mat
  artifactKey: Guid(117d797d292bce746abd9598762728d6) Importer(815301076,1909f56bfc062723c751e8b465ee728b)
Start importing Assets/CloudColor.mat using Guid(117d797d292bce746abd9598762728d6) Importer(815301076,1909f56bfc062723c751e8b465ee728b)  -> (artifact id: '860f5d3072f62017a53c298b095a07c7') in 0.011448 seconds
  Import took 0.013132 seconds .

========================================================================
Received Prepare
Registering precompiled user dll's ...
Registered in 0.000400 seconds.
Begin MonoManager ReloadAssembly
Native extension for WindowsStandalone target not found
Native extension for WebGL target not found
Refreshing native plugins compatible for Editor in 0.17 ms, found 0 plugins.
Preloading 0 native plugins for Editor in 0.00 ms.
Mono: successfully reloaded assembly
- Completed reload, in  0.611 seconds
Platform modules already initialized, skipping
Switching build target platform(19) subTarget(0) extendedPlatform(0) -> platform(9) subTarget(16777218) extendedPlatform(0)
Refreshing native plugins compatible for Editor in 0.17 ms, found 0 plugins.
Preloading 0 native plugins for Editor in 0.00 ms.
Unloading 1115 Unused Serialized files (Serialized files now loaded: 0)
System memory in use before: 60.4 MB.
System memory in use after: 60.5 MB.

Unloading 5 unused Assets to reduce memory usage. Loaded Objects now: 1601.
Total: 1.390300 ms (FindLiveObjects: 0.110200 ms CreateObjectMapping: 0.030600 ms MarkObjects: 1.211800 ms  DeleteObjects: 0.037000 ms)

AssetImportParameters requested are different than current active one (requested -> active):
  custom:graphics/normal-map-encoding: 01000000000000000000000000000000 -> 02000000000000000000000000000000
========================================================================
Received Import Request.
  Time since last request: 163.026384 seconds.
  path: Assets/NewBehaviourScript.cs
  artifactKey: Guid(f7a2d8049ac2b304e947d32b6bce357b) Importer(815301076,1909f56bfc062723c751e8b465ee728b)
Start importing Assets/NewBehaviourScript.cs using Guid(f7a2d8049ac2b304e947d32b6bce357b) Importer(815301076,1909f56bfc062723c751e8b465ee728b)  -> (artifact id: 'bfc35b97e832b4e22928ec5faa0af5c8') in 0.007674 seconds
  Import took 0.019671 seconds .

========================================================================
Received Import Request.
  Time since last request: 4.718213 seconds.
  path: Assets/StarController.cs
  artifactKey: Guid(f7a2d8049ac2b304e947d32b6bce357b) Importer(815301076,1909f56bfc062723c751e8b465ee728b)
Start importing Assets/StarController.cs using Guid(f7a2d8049ac2b304e947d32b6bce357b) Importer(815301076,1909f56bfc062723c751e8b465ee728b)  -> (artifact id: '6c02bc55b32cda545b90a934df425dac') in 0.003876 seconds
  Import took 0.005760 seconds .

========================================================================
Received Prepare
Registering precompiled user dll's ...
Registered in 0.000320 seconds.
Begin MonoManager ReloadAssembly
Native extension for WindowsStandalone target not found
Native extension for WebGL target not found
Refreshing native plugins compatible for Editor in 0.19 ms, found 0 plugins.
Preloading 0 native plugins for Editor in 0.00 ms.
Mono: successfully reloaded assembly
- Completed reload, in  0.620 seconds
Platform modules already initialized, skipping
Switching build target platform(19) subTarget(0) extendedPlatform(0) -> platform(9) subTarget(16777218) extendedPlatform(0)
Refreshing native plugins compatible for Editor in 0.16 ms, found 0 plugins.
Preloading 0 native plugins for Editor in 0.00 ms.
Unloading 1115 Unused Serialized files (Serialized files now loaded: 0)
System memory in use before: 60.5 MB.
System memory in use after: 60.5 MB.

Unloading 5 unused Assets to reduce memory usage. Loaded Objects now: 1604.
Total: 1.297100 ms (FindLiveObjects: 0.110600 ms CreateObjectMapping: 0.026200 ms MarkObjects: 1.128700 ms  DeleteObjects: 0.031000 ms)

AssetImportParameters requested are different than current active one (requested -> active):
  custom:graphics/normal-map-encoding: 01000000000000000000000000000000 -> 02000000000000000000000000000000
========================================================================
Received Prepare
Registering precompiled user dll's ...
Registered in 0.000331 seconds.
Begin MonoManager ReloadAssembly
Native extension for WindowsStandalone target not found
Native extension for WebGL target not found
Refreshing native plugins compatible for Editor in 0.19 ms, found 0 plugins.
Preloading 0 native plugins for Editor in 0.00 ms.
Mono: successfully reloaded assembly
- Completed reload, in  0.614 seconds
Platform modules already initialized, skipping
Switching build target platform(19) subTarget(0) extendedPlatform(0) -> platform(9) subTarget(16777218) extendedPlatform(0)
Refreshing native plugins compatible for Editor in 0.16 ms, found 0 plugins.
Preloading 0 native plugins for Editor in 0.00 ms.
Unloading 1114 Unused Serialized files (Serialized files now loaded: 0)
System memory in use before: 60.5 MB.
System memory in use after: 60.5 MB.

Unloading 6 unused Assets to reduce memory usage. Loaded Objects now: 1606.
Total: 1.323500 ms (FindLiveObjects: 0.109500 ms CreateObjectMapping: 0.032300 ms MarkObjects: 1.146000 ms  DeleteObjects: 0.034900 ms)

AssetImportParameters requested are different than current active one (requested -> active):
  custom:graphics/normal-map-encoding: 01000000000000000000000000000000 -> 02000000000000000000000000000000
========================================================================
Received Import Request.
  Time since last request: 59.238698 seconds.
  path: Assets/StarController.cs
  artifactKey: Guid(f7a2d8049ac2b304e947d32b6bce357b) Importer(815301076,1909f56bfc062723c751e8b465ee728b)
Start importing Assets/StarController.cs using Guid(f7a2d8049ac2b304e947d32b6bce357b) Importer(815301076,1909f56bfc062723c751e8b465ee728b)  -> (artifact id: '282fd1af862d785846a249d710eaff1b') in 0.002738 seconds
  Import took 0.004281 seconds .

========================================================================
Received Import Request.
  Time since last request: 0.023612 seconds.
  path: Assets/StarController.cs
  artifactKey: Guid(f7a2d8049ac2b304e947d32b6bce357b) Importer(815301076,1909f56bfc062723c751e8b465ee728b)
Start importing Assets/StarController.cs using Guid(f7a2d8049ac2b304e947d32b6bce357b) Importer(815301076,1909f56bfc062723c751e8b465ee728b)  -> (artifact id: '282fd1af862d785846a249d710eaff1b') in 0.001633 seconds
  Import took 0.003392 seconds .

========================================================================
Received Prepare
Registering precompiled user dll's ...
Registered in 0.000363 seconds.
Begin MonoManager ReloadAssembly
Native extension for WindowsStandalone target not found
Native extension for WebGL target not found
Refreshing native plugins compatible for Editor in 0.18 ms, found 0 plugins.
Preloading 0 native plugins for Editor in 0.00 ms.
Mono: successfully reloaded assembly
- Completed reload, in  0.639 seconds
Platform modules already initialized, skipping
Switching build target platform(19) subTarget(0) extendedPlatform(0) -> platform(9) subTarget(16777218) extendedPlatform(0)
Refreshing native plugins compatible for Editor in 0.17 ms, found 0 plugins.
Preloading 0 native plugins for Editor in 0.00 ms.
Unloading 1115 Unused Serialized files (Serialized files now loaded: 0)
System memory in use before: 60.5 MB.
System memory in use after: 60.6 MB.

Unloading 5 unused Assets to reduce memory usage. Loaded Objects now: 1610.
Total: 1.362700 ms (FindLiveObjects: 0.106100 ms CreateObjectMapping: 0.029700 ms MarkObjects: 1.147300 ms  DeleteObjects: 0.079000 ms)

AssetImportParameters requested are different than current active one (requested -> active):
  custom:graphics/normal-map-encoding: 01000000000000000000000000000000 -> 02000000000000000000000000000000
========================================================================
Received Prepare
Registering precompiled user dll's ...
Registered in 0.000413 seconds.
Begin MonoManager ReloadAssembly
Native extension for WindowsStandalone target not found
Native extension for WebGL target not found
Refreshing native plugins compatible for Editor in 0.25 ms, found 0 plugins.
Preloading 0 native plugins for Editor in 0.00 ms.
Mono: successfully reloaded assembly
- Completed reload, in  0.628 seconds
Platform modules already initialized, skipping
Switching build target platform(19) subTarget(0) extendedPlatform(0) -> platform(9) subTarget(16777218) extendedPlatform(0)
Refreshing native plugins compatible for Editor in 0.16 ms, found 0 plugins.
Preloading 0 native plugins for Editor in 0.00 ms.
Unloading 1115 Unused Serialized files (Serialized files now loaded: 0)
System memory in use before: 60.5 MB.
System memory in use after: 60.6 MB.

Unloading 5 unused Assets to reduce memory usage. Loaded Objects now: 1613.
Total: 1.211300 ms (FindLiveObjects: 0.106300 ms CreateObjectMapping: 0.028700 ms MarkObjects: 1.038300 ms  DeleteObjects: 0.037300 ms)

AssetImportParameters requested are different than current active one (requested -> active):
  custom:graphics/normal-map-encoding: 01000000000000000000000000000000 -> 02000000000000000000000000000000
========================================================================
Received Import Request.
  Time since last request: 169.966978 seconds.
  path: Assets/StarController.cs
  artifactKey: Guid(f7a2d8049ac2b304e947d32b6bce357b) Importer(815301076,1909f56bfc062723c751e8b465ee728b)
Start importing Assets/StarController.cs using Guid(f7a2d8049ac2b304e947d32b6bce357b) Importer(815301076,1909f56bfc062723c751e8b465ee728b)  -> (artifact id: '38bfe66e2e1ba278de6b3bf930ffed2b') in 0.002658 seconds
  Import took 0.004300 seconds .

========================================================================
Received Prepare
Registering precompiled user dll's ...
Registered in 0.000341 seconds.
Begin MonoManager ReloadAssembly
Native extension for WindowsStandalone target not found
Native extension for WebGL target not found
Refreshing native plugins compatible for Editor in 0.17 ms, found 0 plugins.
Preloading 0 native plugins for Editor in 0.00 ms.
Mono: successfully reloaded assembly
- Completed reload, in  0.623 seconds
Platform modules already initialized, skipping
Switching build target platform(19) subTarget(0) extendedPlatform(0) -> platform(9) subTarget(16777218) extendedPlatform(0)
Refreshing native plugins compatible for Editor in 0.16 ms, found 0 plugins.
Preloading 0 native plugins for Editor in 0.00 ms.
Unloading 1115 Unused Serialized files (Serialized files now loaded: 0)
System memory in use before: 60.5 MB.
System memory in use after: 60.6 MB.

Unloading 5 unused Assets to reduce memory usage. Loaded Objects now: 1616.
Total: 1.292100 ms (FindLiveObjects: 0.142300 ms CreateObjectMapping: 0.030500 ms MarkObjects: 1.080900 ms  DeleteObjects: 0.037500 ms)

AssetImportParameters requested are different than current active one (requested -> active):
  custom:graphics/normal-map-encoding: 01000000000000000000000000000000 -> 02000000000000000000000000000000
========================================================================
Received Import Request.
  Time since last request: 47.024530 seconds.
  path: Assets/CloudController.cs
  artifactKey: Guid(7f0725c4457c3d643a4799fd336a4f09) Importer(815301076,1909f56bfc062723c751e8b465ee728b)
Start importing Assets/CloudController.cs using Guid(7f0725c4457c3d643a4799fd336a4f09) Importer(815301076,1909f56bfc062723c751e8b465ee728b)  -> (artifact id: '5715e1939a636bdd7cd5c70b455d4462') in 0.005381 seconds
  Import took 0.007104 seconds .

========================================================================
Received Prepare
Registering precompiled user dll's ...
Registered in 0.000318 seconds.
Begin MonoManager ReloadAssembly
Native extension for WindowsStandalone target not found
Native extension for WebGL target not found
Refreshing native plugins compatible for Editor in 0.17 ms, found 0 plugins.
Preloading 0 native plugins for Editor in 0.00 ms.
Mono: successfully reloaded assembly
- Completed reload, in  0.640 seconds
Platform modules already initialized, skipping
Switching build target platform(19) subTarget(0) extendedPlatform(0) -> platform(9) subTarget(16777218) extendedPlatform(0)
Refreshing native plugins compatible for Editor in 0.17 ms, found 0 plugins.
Preloading 0 native plugins for Editor in 0.00 ms.
Unloading 1116 Unused Serialized files (Serialized files now loaded: 0)
System memory in use before: 60.5 MB.
System memory in use after: 60.6 MB.

Unloading 5 unused Assets to reduce memory usage. Loaded Objects now: 1620.
Total: 1.255100 ms (FindLiveObjects: 0.107600 ms CreateObjectMapping: 0.029200 ms MarkObjects: 1.078800 ms  DeleteObjects: 0.038700 ms)

AssetImportParameters requested are different than current active one (requested -> active):
  custom:graphics/normal-map-encoding: 01000000000000000000000000000000 -> 02000000000000000000000000000000
========================================================================
Received Import Request.
  Time since last request: 215.912585 seconds.
  path: Assets/CloudController.cs
  artifactKey: Guid(7f0725c4457c3d643a4799fd336a4f09) Importer(815301076,1909f56bfc062723c751e8b465ee728b)
Start importing Assets/CloudController.cs using Guid(7f0725c4457c3d643a4799fd336a4f09) Importer(815301076,1909f56bfc062723c751e8b465ee728b)  -> (artifact id: '1c7ff514c081a69902086e2dbb41dcd3') in 0.003299 seconds
  Import took 0.004943 seconds .

========================================================================
Received Prepare
Registering precompiled user dll's ...
Registered in 0.000361 seconds.
Begin MonoManager ReloadAssembly
Native extension for WindowsStandalone target not found
Native extension for WebGL target not found
Refreshing native plugins compatible for Editor in 0.20 ms, found 0 plugins.
Preloading 0 native plugins for Editor in 0.00 ms.
Mono: successfully reloaded assembly
- Completed reload, in  0.614 seconds
Platform modules already initialized, skipping
Switching build target platform(19) subTarget(0) extendedPlatform(0) -> platform(9) subTarget(16777218) extendedPlatform(0)
Refreshing native plugins compatible for Editor in 0.22 ms, found 0 plugins.
Preloading 0 native plugins for Editor in 0.00 ms.
Unloading 1116 Unused Serialized files (Serialized files now loaded: 0)
System memory in use before: 60.5 MB.
System memory in use after: 60.6 MB.

Unloading 5 unused Assets to reduce memory usage. Loaded Objects now: 1623.
Total: 1.337600 ms (FindLiveObjects: 0.116200 ms CreateObjectMapping: 0.029700 ms MarkObjects: 1.114600 ms  DeleteObjects: 0.076400 ms)

AssetImportParameters requested are different than current active one (requested -> active):
  custom:graphics/normal-map-encoding: 01000000000000000000000000000000 -> 02000000000000000000000000000000
========================================================================
Received Import Request.
  Time since last request: 34.566188 seconds.
  path: Assets/CloudController.cs
  artifactKey: Guid(7f0725c4457c3d643a4799fd336a4f09) Importer(815301076,1909f56bfc062723c751e8b465ee728b)
Start importing Assets/CloudController.cs using Guid(7f0725c4457c3d643a4799fd336a4f09) Importer(815301076,1909f56bfc062723c751e8b465ee728b)  -> (artifact id: 'fe97affe561261b71b0ed36fe1585b79') in 0.002814 seconds
  Import took 0.004498 seconds .

========================================================================
Received Import Request.
  Time since last request: 0.001734 seconds.
  path: Assets/CloudController.cs
  artifactKey: Guid(7f0725c4457c3d643a4799fd336a4f09) Importer(815301076,1909f56bfc062723c751e8b465ee728b)
Start importing Assets/CloudController.cs using Guid(7f0725c4457c3d643a4799fd336a4f09) Importer(815301076,1909f56bfc062723c751e8b465ee728b)  -> (artifact id: 'fe97affe561261b71b0ed36fe1585b79') in 0.001386 seconds
  Import took 0.002887 seconds .

========================================================================
Received Prepare
Registering precompiled user dll's ...
Registered in 0.000421 seconds.
Begin MonoManager ReloadAssembly
Native extension for WindowsStandalone target not found
Native extension for WebGL target not found
Refreshing native plugins compatible for Editor in 0.19 ms, found 0 plugins.
Preloading 0 native plugins for Editor in 0.00 ms.
Mono: successfully reloaded assembly
- Completed reload, in  0.642 seconds
Platform modules already initialized, skipping
Switching build target platform(19) subTarget(0) extendedPlatform(0) -> platform(9) subTarget(16777218) extendedPlatform(0)
Refreshing native plugins compatible for Editor in 0.18 ms, found 0 plugins.
Preloading 0 native plugins for Editor in 0.00 ms.
Unloading 1116 Unused Serialized files (Serialized files now loaded: 0)
System memory in use before: 60.5 MB.
System memory in use after: 60.6 MB.

Unloading 5 unused Assets to reduce memory usage. Loaded Objects now: 1626.
Total: 1.330600 ms (FindLiveObjects: 0.112000 ms CreateObjectMapping: 0.029800 ms MarkObjects: 1.146200 ms  DeleteObjects: 0.041700 ms)

AssetImportParameters requested are different than current active one (requested -> active):
  custom:graphics/normal-map-encoding: 01000000000000000000000000000000 -> 02000000000000000000000000000000
========================================================================
Received Import Request.
  Time since last request: 58.448032 seconds.
  path: Assets/SmallStar.prefab
  artifactKey: Guid(ea9b689064569f84b814ddfce66ce9cc) Importer(815301076,1909f56bfc062723c751e8b465ee728b)
Start importing Assets/SmallStar.prefab using Guid(ea9b689064569f84b814ddfce66ce9cc) Importer(815301076,1909f56bfc062723c751e8b465ee728b)  -> (artifact id: '514c2a4cbf45d08bfb7083003ffaff10') in 0.174843 seconds
  Import took 0.189793 seconds .

========================================================================
Received Import Request.
  Time since last request: 36.279673 seconds.
  path: Assets/SmallStarPrefab.prefab
  artifactKey: Guid(ea9b689064569f84b814ddfce66ce9cc) Importer(815301076,1909f56bfc062723c751e8b465ee728b)
Start importing Assets/SmallStarPrefab.prefab using Guid(ea9b689064569f84b814ddfce66ce9cc) Importer(815301076,1909f56bfc062723c751e8b465ee728b)  -> (artifact id: '3040577505519925e72514704618eead') in 0.021090 seconds
  Import took 0.023142 seconds .

========================================================================
Received Import Request.
  Time since last request: 28.178110 seconds.
  path: Assets/LargeStar.prefab
  artifactKey: Guid(f7f1dd2b2a718a14aafa5a98619c490c) Importer(815301076,1909f56bfc062723c751e8b465ee728b)
Start importing Assets/LargeStar.prefab using Guid(f7f1dd2b2a718a14aafa5a98619c490c) Importer(815301076,1909f56bfc062723c751e8b465ee728b)  -> (artifact id: '6467148e880f93f507147264de74e9de') in 0.016641 seconds
  Import took 0.018395 seconds .

========================================================================
Received Import Request.
  Time since last request: 0.001946 seconds.
  path: Assets/LargeStar.prefab
  artifactKey: Guid(f7f1dd2b2a718a14aafa5a98619c490c) Importer(815301076,1909f56bfc062723c751e8b465ee728b)
Start importing Assets/LargeStar.prefab using Guid(f7f1dd2b2a718a14aafa5a98619c490c) Importer(815301076,1909f56bfc062723c751e8b465ee728b)  -> (artifact id: '6467148e880f93f507147264de74e9de') in 0.007827 seconds
  Import took 0.009816 seconds .

========================================================================
Received Import Request.
  Time since last request: 37.117685 seconds.
  path: Assets/LargeStarPrefab.prefab
  artifactKey: Guid(f7f1dd2b2a718a14aafa5a98619c490c) Importer(815301076,1909f56bfc062723c751e8b465ee728b)
Start importing Assets/LargeStarPrefab.prefab using Guid(f7f1dd2b2a718a14aafa5a98619c490c) Importer(815301076,1909f56bfc062723c751e8b465ee728b)  -> (artifact id: 'cd944996758f4dd1ad8a636e4119add1') in 0.010358 seconds
  Import took 0.012702 seconds .

========================================================================
Received Import Request.
  Time since last request: 0.003388 seconds.
  path: Assets/LargeStarPrefab.prefab
  artifactKey: Guid(f7f1dd2b2a718a14aafa5a98619c490c) Importer(815301076,1909f56bfc062723c751e8b465ee728b)
Start importing Assets/LargeStarPrefab.prefab using Guid(f7f1dd2b2a718a14aafa5a98619c490c) Importer(815301076,1909f56bfc062723c751e8b465ee728b)  -> (artifact id: 'cd944996758f4dd1ad8a636e4119add1') in 0.006428 seconds
  Import took 0.008549 seconds .

========================================================================
Received Import Request.
  Time since last request: 14.341050 seconds.
  path: Assets/SmallCloud.prefab
  artifactKey: Guid(f9d04ca07df41574b88dfbaa7845a96f) Importer(815301076,1909f56bfc062723c751e8b465ee728b)
Start importing Assets/SmallCloud.prefab using Guid(f9d04ca07df41574b88dfbaa7845a96f) Importer(815301076,1909f56bfc062723c751e8b465ee728b)  -> (artifact id: '9d39738efaa560230f33f46c72db8c24') in 0.012554 seconds
  Import took 0.014490 seconds .

========================================================================
Received Import Request.
  Time since last request: 0.003784 seconds.
  path: Assets/SmallCloud.prefab
  artifactKey: Guid(f9d04ca07df41574b88dfbaa7845a96f) Importer(815301076,1909f56bfc062723c751e8b465ee728b)
Start importing Assets/SmallCloud.prefab using Guid(f9d04ca07df41574b88dfbaa7845a96f) Importer(815301076,1909f56bfc062723c751e8b465ee728b)  -> (artifact id: '9d39738efaa560230f33f46c72db8c24') in 0.006099 seconds
  Import took 0.007756 seconds .

========================================================================
Received Import Request.
  Time since last request: 11.234854 seconds.
  path: Assets/SmallCloudPrefab.prefab
  artifactKey: Guid(f9d04ca07df41574b88dfbaa7845a96f) Importer(815301076,1909f56bfc062723c751e8b465ee728b)
Start importing Assets/SmallCloudPrefab.prefab using Guid(f9d04ca07df41574b88dfbaa7845a96f) Importer(815301076,1909f56bfc062723c751e8b465ee728b)  -> (artifact id: '7f7eaab7a5b429db9f807861e6e8d3df') in 0.010232 seconds
  Import took 0.012282 seconds .

========================================================================
Received Import Request.
  Time since last request: 0.004202 seconds.
  path: Assets/SmallCloudPrefab.prefab
  artifactKey: Guid(f9d04ca07df41574b88dfbaa7845a96f) Importer(815301076,1909f56bfc062723c751e8b465ee728b)
Start importing Assets/SmallCloudPrefab.prefab using Guid(f9d04ca07df41574b88dfbaa7845a96f) Importer(815301076,1909f56bfc062723c751e8b465ee728b)  -> (artifact id: '7f7eaab7a5b429db9f807861e6e8d3df') in 0.013542 seconds
  Import took 0.015519 seconds .

========================================================================
Received Import Request.
  Time since last request: 6.979091 seconds.
  path: Assets/LargeCloud.prefab
  artifactKey: Guid(7fd8ec0adf892cf4d97d290bdd4e5a66) Importer(815301076,1909f56bfc062723c751e8b465ee728b)
Start importing Assets/LargeCloud.prefab using Guid(7fd8ec0adf892cf4d97d290bdd4e5a66) Importer(815301076,1909f56bfc062723c751e8b465ee728b)  -> (artifact id: 'a9fa572832d52ecc423bf593e28c4443') in 0.008321 seconds
  Import took 0.010018 seconds .

========================================================================
Received Import Request.
  Time since last request: 0.007034 seconds.
  path: Assets/LargeCloud.prefab
  artifactKey: Guid(7fd8ec0adf892cf4d97d290bdd4e5a66) Importer(815301076,1909f56bfc062723c751e8b465ee728b)
Start importing Assets/LargeCloud.prefab using Guid(7fd8ec0adf892cf4d97d290bdd4e5a66) Importer(815301076,1909f56bfc062723c751e8b465ee728b)  -> (artifact id: 'a9fa572832d52ecc423bf593e28c4443') in 0.016606 seconds
  Import took 0.018397 seconds .

========================================================================
Received Import Request.
  Time since last request: 8.975305 seconds.
  path: Assets/LargeCloudPrefab.prefab
  artifactKey: Guid(7fd8ec0adf892cf4d97d290bdd4e5a66) Importer(815301076,1909f56bfc062723c751e8b465ee728b)
Start importing Assets/LargeCloudPrefab.prefab using Guid(7fd8ec0adf892cf4d97d290bdd4e5a66) Importer(815301076,1909f56bfc062723c751e8b465ee728b)  -> (artifact id: 'f3e4533fec8a680d36ede319f4c6e48f') in 0.009644 seconds
  Import took 0.011472 seconds .

========================================================================
Received Import Request.
  Time since last request: 0.003860 seconds.
  path: Assets/LargeCloudPrefab.prefab
  artifactKey: Guid(7fd8ec0adf892cf4d97d290bdd4e5a66) Importer(815301076,1909f56bfc062723c751e8b465ee728b)
Start importing Assets/LargeCloudPrefab.prefab using Guid(7fd8ec0adf892cf4d97d290bdd4e5a66) Importer(815301076,1909f56bfc062723c751e8b465ee728b)  -> (artifact id: 'f3e4533fec8a680d36ede319f4c6e48f') in 0.006056 seconds
  Import took 0.007707 seconds .

========================================================================
Received Import Request.
  Time since last request: 401.931757 seconds.
  path: Assets/New Material.mat
  artifactKey: Guid(6cfa175837355c24d922035bb99a47e9) Importer(815301076,1909f56bfc062723c751e8b465ee728b)
Start importing Assets/New Material.mat using Guid(6cfa175837355c24d922035bb99a47e9) Importer(815301076,1909f56bfc062723c751e8b465ee728b)  -> (artifact id: '4124bc754601471b27c55a436c732af8') in 0.020278 seconds
  Import took 0.022198 seconds .

========================================================================
Received Import Request.
  Time since last request: 7.285568 seconds.
  path: Assets/FripperColor.mat
  artifactKey: Guid(6cfa175837355c24d922035bb99a47e9) Importer(815301076,1909f56bfc062723c751e8b465ee728b)
Start importing Assets/FripperColor.mat using Guid(6cfa175837355c24d922035bb99a47e9) Importer(815301076,1909f56bfc062723c751e8b465ee728b)  -> (artifact id: '10c43cf61cfbe7394e96fd58d6a7abdb') in 0.009103 seconds
  Import took 0.010803 seconds .

========================================================================
Received Import Request.
  Time since last request: 443.705492 seconds.
  path: Assets/FripperController.cs
  artifactKey: Guid(36402b5ca85b6214b8b29a5b2b3c0ea1) Importer(815301076,1909f56bfc062723c751e8b465ee728b)
Start importing Assets/FripperController.cs using Guid(36402b5ca85b6214b8b29a5b2b3c0ea1) Importer(815301076,1909f56bfc062723c751e8b465ee728b)  -> (artifact id: '2cb3346546d5ca16ce306292fb1474b4') in 0.004774 seconds
  Import took 0.006826 seconds .

========================================================================
Received Prepare
Registering precompiled user dll's ...
Registered in 0.000327 seconds.
Begin MonoManager ReloadAssembly
Native extension for WindowsStandalone target not found
Native extension for WebGL target not found
Refreshing native plugins compatible for Editor in 0.42 ms, found 0 plugins.
Preloading 0 native plugins for Editor in 0.00 ms.
Mono: successfully reloaded assembly
- Completed reload, in  0.642 seconds
Platform modules already initialized, skipping
Switching build target platform(19) subTarget(0) extendedPlatform(0) -> platform(9) subTarget(16777218) extendedPlatform(0)
Refreshing native plugins compatible for Editor in 0.18 ms, found 0 plugins.
Preloading 0 native plugins for Editor in 0.00 ms.
Unloading 1117 Unused Serialized files (Serialized files now loaded: 0)
System memory in use before: 60.6 MB.
System memory in use after: 60.7 MB.

Unloading 5 unused Assets to reduce memory usage. Loaded Objects now: 1632.
Total: 1.329600 ms (FindLiveObjects: 0.108100 ms CreateObjectMapping: 0.029100 ms MarkObjects: 1.152500 ms  DeleteObjects: 0.039200 ms)

AssetImportParameters requested are different than current active one (requested -> active):
  custom:graphics/normal-map-encoding: 01000000000000000000000000000000 -> 02000000000000000000000000000000
========================================================================
Received Prepare
Registering precompiled user dll's ...
Registered in 0.000609 seconds.
Begin MonoManager ReloadAssembly
Native extension for WindowsStandalone target not found
Native extension for WebGL target not found
Refreshing native plugins compatible for Editor in 0.17 ms, found 0 plugins.
Preloading 0 native plugins for Editor in 0.00 ms.
Mono: successfully reloaded assembly
- Completed reload, in  0.620 seconds
Platform modules already initialized, skipping
Switching build target platform(19) subTarget(0) extendedPlatform(0) -> platform(9) subTarget(16777218) extendedPlatform(0)
Refreshing native plugins compatible for Editor in 0.16 ms, found 0 plugins.
Preloading 0 native plugins for Editor in 0.00 ms.
Unloading 1117 Unused Serialized files (Serialized files now loaded: 0)
System memory in use before: 60.6 MB.
System memory in use after: 60.7 MB.

Unloading 5 unused Assets to reduce memory usage. Loaded Objects now: 1635.
Total: 1.391400 ms (FindLiveObjects: 0.112300 ms CreateObjectMapping: 0.032100 ms MarkObjects: 1.189600 ms  DeleteObjects: 0.056700 ms)

AssetImportParameters requested are different than current active one (requested -> active):
  custom:graphics/normal-map-encoding: 01000000000000000000000000000000 -> 02000000000000000000000000000000
========================================================================
Received Import Request.
  Time since last request: 183.324864 seconds.
  path: Assets/FripperController.cs
  artifactKey: Guid(36402b5ca85b6214b8b29a5b2b3c0ea1) Importer(815301076,1909f56bfc062723c751e8b465ee728b)
Start importing Assets/FripperController.cs using Guid(36402b5ca85b6214b8b29a5b2b3c0ea1) Importer(815301076,1909f56bfc062723c751e8b465ee728b)  -> (artifact id: 'e1a93e39bffb718efbdb362e1edec09b') in 0.002787 seconds
  Import took 0.004426 seconds .

========================================================================
Received Prepare
Registering precompiled user dll's ...
Registered in 0.000356 seconds.
Begin MonoManager ReloadAssembly
Native extension for WindowsStandalone target not found
Native extension for WebGL target not found
Refreshing native plugins compatible for Editor in 0.19 ms, found 0 plugins.
Preloading 0 native plugins for Editor in 0.00 ms.
Mono: successfully reloaded assembly
- Completed reload, in  0.606 seconds
Platform modules already initialized, skipping
Switching build target platform(19) subTarget(0) extendedPlatform(0) -> platform(9) subTarget(16777218) extendedPlatform(0)
Refreshing native plugins compatible for Editor in 0.18 ms, found 0 plugins.
Preloading 0 native plugins for Editor in 0.00 ms.
Unloading 1117 Unused Serialized files (Serialized files now loaded: 0)
System memory in use before: 60.6 MB.
System memory in use after: 60.7 MB.

Unloading 5 unused Assets to reduce memory usage. Loaded Objects now: 1638.
Total: 1.276500 ms (FindLiveObjects: 0.119400 ms CreateObjectMapping: 0.032700 ms MarkObjects: 1.084500 ms  DeleteObjects: 0.039200 ms)

AssetImportParameters requested are different than current active one (requested -> active):
  custom:graphics/normal-map-encoding: 01000000000000000000000000000000 -> 02000000000000000000000000000000
========================================================================
Received Import Request.
  Time since last request: 115.964668 seconds.
  path: Assets/BallColor.mat
  artifactKey: Guid(e73fa61841e92f44196727a0242f3f19) Importer(815301076,1909f56bfc062723c751e8b465ee728b)
Start importing Assets/BallColor.mat using Guid(e73fa61841e92f44196727a0242f3f19) Importer(815301076,1909f56bfc062723c751e8b465ee728b)  -> (artifact id: 'b794ae0df0b7f2e44720057828bbe0db') in 0.050425 seconds
  Import took 0.052301 seconds .

========================================================================
Received Import Request.
  Time since last request: 264.390150 seconds.
  path: Assets/BallPhysic.physicMaterial
  artifactKey: Guid(13366f5d0dbf5ac45bf5732adbed433d) Importer(815301076,1909f56bfc062723c751e8b465ee728b)
Start importing Assets/BallPhysic.physicMaterial using Guid(13366f5d0dbf5ac45bf5732adbed433d) Importer(815301076,1909f56bfc062723c751e8b465ee728b)  -> (artifact id: 'a9adb6ce8e7b6b416916a9b999b756f5') in 0.007798 seconds
  Import took 0.009469 seconds .

========================================================================
Received Import Request.
  Time since last request: 81129.192795 seconds.
  path: Assets/BallColor.mat
  artifactKey: Guid(e73fa61841e92f44196727a0242f3f19) Importer(815301076,1909f56bfc062723c751e8b465ee728b)
Start importing Assets/BallColor.mat using Guid(e73fa61841e92f44196727a0242f3f19) Importer(815301076,1909f56bfc062723c751e8b465ee728b)  -> (artifact id: '68e630e1a3c4516a49ffab7cd28d304b') in 0.895205 seconds
  Import took 0.938758 seconds .

========================================================================
Received Import Request.
  Time since last request: 0.000233 seconds.
  path: Assets/SmallStarColor.mat
  artifactKey: Guid(d78eca8d2e8ef8a42b601aa4d61e90f3) Importer(815301076,1909f56bfc062723c751e8b465ee728b)
Start importing Assets/SmallStarColor.mat using Guid(d78eca8d2e8ef8a42b601aa4d61e90f3) Importer(815301076,1909f56bfc062723c751e8b465ee728b)  -> (artifact id: 'd3e3ff703e308f40b1864c535f088676') in 0.009961 seconds
  Import took 0.118051 seconds .

========================================================================
Received Import Request.
  Time since last request: 0.000129 seconds.
  path: Assets/CloudColor.mat
  artifactKey: Guid(117d797d292bce746abd9598762728d6) Importer(815301076,1909f56bfc062723c751e8b465ee728b)
Start importing Assets/CloudColor.mat using Guid(117d797d292bce746abd9598762728d6) Importer(815301076,1909f56bfc062723c751e8b465ee728b)  -> (artifact id: '4760a10c15f5c4b64bac7e7ff15ca263') in 0.065820 seconds
  Import took 0.067430 seconds .

========================================================================
Received Import Request.
  Time since last request: 0.000178 seconds.
  path: Assets/FripperColor.mat
  artifactKey: Guid(6cfa175837355c24d922035bb99a47e9) Importer(815301076,1909f56bfc062723c751e8b465ee728b)
Start importing Assets/FripperColor.mat using Guid(6cfa175837355c24d922035bb99a47e9) Importer(815301076,1909f56bfc062723c751e8b465ee728b)  -> (artifact id: '83d447143fcc0dbc9b617d5d89c04182') in 0.023024 seconds
  Import took 0.109491 seconds .

========================================================================
Received Import Request.
  Time since last request: 0.000147 seconds.
  path: Assets/BallPhysic.physicMaterial
  artifactKey: Guid(13366f5d0dbf5ac45bf5732adbed433d) Importer(815301076,1909f56bfc062723c751e8b465ee728b)
Start importing Assets/BallPhysic.physicMaterial using Guid(13366f5d0dbf5ac45bf5732adbed433d) Importer(815301076,1909f56bfc062723c751e8b465ee728b)  -> (artifact id: '49da666f8b718876c1461e7a3095f2ec') in 0.010600 seconds
  Import took 0.012099 seconds .

========================================================================
Received Import Request.
  Time since last request: 0.000121 seconds.
  path: Assets/LargeStarColor.mat
  artifactKey: Guid(ef6bf99f393ea9449988af8fd3308c18) Importer(815301076,1909f56bfc062723c751e8b465ee728b)
Start importing Assets/LargeStarColor.mat using Guid(ef6bf99f393ea9449988af8fd3308c18) Importer(815301076,1909f56bfc062723c751e8b465ee728b)  -> (artifact id: '4cd438bfcac0207871d4a39018a6323b') in 0.011157 seconds
  Import took 0.012739 seconds .

========================================================================
Received Import Request.
  Time since last request: 143.759883 seconds.
  path: Assets/SmallStarPrefab.prefab
  artifactKey: Guid(ea9b689064569f84b814ddfce66ce9cc) Importer(815301076,1909f56bfc062723c751e8b465ee728b)
Start importing Assets/SmallStarPrefab.prefab using Guid(ea9b689064569f84b814ddfce66ce9cc) Importer(815301076,1909f56bfc062723c751e8b465ee728b)  -> (artifact id: 'bb96174d4add6d8ca000f21f654c0ea8') in 0.041139 seconds
  Import took 0.112999 seconds .

========================================================================
Received Import Request.
  Time since last request: 14.865377 seconds.
  path: Assets/LargeStarPrefab.prefab
  artifactKey: Guid(f7f1dd2b2a718a14aafa5a98619c490c) Importer(815301076,1909f56bfc062723c751e8b465ee728b)
Start importing Assets/LargeStarPrefab.prefab using Guid(f7f1dd2b2a718a14aafa5a98619c490c) Importer(815301076,1909f56bfc062723c751e8b465ee728b)  -> (artifact id: '2cbb9162f9bc20d9b3596501fbbd8de0') in 0.069530 seconds
  Import took 0.102764 seconds .

========================================================================
Received Import Request.
  Time since last request: 15.787696 seconds.
  path: Assets/SmallCloudPrefab.prefab
  artifactKey: Guid(f9d04ca07df41574b88dfbaa7845a96f) Importer(815301076,1909f56bfc062723c751e8b465ee728b)
Start importing Assets/SmallCloudPrefab.prefab using Guid(f9d04ca07df41574b88dfbaa7845a96f) Importer(815301076,1909f56bfc062723c751e8b465ee728b)  -> (artifact id: '3ef8eddcfd689fef0137ab89fa1acd47') in 0.053900 seconds
  Import took 0.055557 seconds .

========================================================================
Received Import Request.
  Time since last request: 5.215038 seconds.
  path: Assets/LargeCloudPrefab.prefab
  artifactKey: Guid(7fd8ec0adf892cf4d97d290bdd4e5a66) Importer(815301076,1909f56bfc062723c751e8b465ee728b)
Start importing Assets/LargeCloudPrefab.prefab using Guid(7fd8ec0adf892cf4d97d290bdd4e5a66) Importer(815301076,1909f56bfc062723c751e8b465ee728b)  -> (artifact id: '34f8a632dc04a2b5f71471b951cde97a') in 0.011497 seconds
  Import took 0.052702 seconds .

========================================================================
Received Import Request.
  Time since last request: 35.233033 seconds.
  path: Assets/BrightnessRegulator.cs
  artifactKey: Guid(32491aa660c62d449a4c645aeafb9376) Importer(815301076,1909f56bfc062723c751e8b465ee728b)
Start importing Assets/BrightnessRegulator.cs using Guid(32491aa660c62d449a4c645aeafb9376) Importer(815301076,1909f56bfc062723c751e8b465ee728b)  -> (artifact id: 'a2d07a80f29b9a0fd157462cb5cb4148') in 0.018067 seconds
  Import took 0.019884 seconds .

========================================================================
Received Import Request.
  Time since last request: 0.001020 seconds.
  path: Assets/BrightnessRegulator.cs
  artifactKey: Guid(32491aa660c62d449a4c645aeafb9376) Importer(815301076,1909f56bfc062723c751e8b465ee728b)
Start importing Assets/BrightnessRegulator.cs using Guid(32491aa660c62d449a4c645aeafb9376) Importer(815301076,1909f56bfc062723c751e8b465ee728b)  -> (artifact id: 'a2d07a80f29b9a0fd157462cb5cb4148') in 0.002073 seconds
  Import took 0.003965 seconds .

========================================================================
Received Prepare
Registering precompiled user dll's ...
Registered in 0.000365 seconds.
Begin MonoManager ReloadAssembly
Native extension for WindowsStandalone target not found
Native extension for WebGL target not found
Refreshing native plugins compatible for Editor in 0.18 ms, found 0 plugins.
Preloading 0 native plugins for Editor in 0.00 ms.
Mono: successfully reloaded assembly
- Completed reload, in  0.660 seconds
Platform modules already initialized, skipping
Switching build target platform(19) subTarget(0) extendedPlatform(0) -> platform(9) subTarget(16777218) extendedPlatform(0)
Refreshing native plugins compatible for Editor in 0.18 ms, found 0 plugins.
Preloading 0 native plugins for Editor in 0.00 ms.
Unloading 1118 Unused Serialized files (Serialized files now loaded: 0)
System memory in use before: 60.7 MB.
System memory in use after: 60.8 MB.

Unloading 5 unused Assets to reduce memory usage. Loaded Objects now: 1643.
Total: 11.382800 ms (FindLiveObjects: 9.650300 ms CreateObjectMapping: 0.048300 ms MarkObjects: 1.639100 ms  DeleteObjects: 0.043900 ms)

AssetImportParameters requested are different than current active one (requested -> active):
  custom:graphics/normal-map-encoding: 01000000000000000000000000000000 -> 02000000000000000000000000000000
========================================================================
Received Import Request.
  Time since last request: 495.731162 seconds.
  path: Assets/BrightnessRegulator.cs
  artifactKey: Guid(32491aa660c62d449a4c645aeafb9376) Importer(815301076,1909f56bfc062723c751e8b465ee728b)
Start importing Assets/BrightnessRegulator.cs using Guid(32491aa660c62d449a4c645aeafb9376) Importer(815301076,1909f56bfc062723c751e8b465ee728b)  -> (artifact id: '44a61683c9d33fd097650001f1b202f6') in 0.006163 seconds
  Import took 0.023005 seconds .

========================================================================
Received Import Request.
  Time since last request: 0.001242 seconds.
  path: Assets/BrightnessRegulator.cs
  artifactKey: Guid(32491aa660c62d449a4c645aeafb9376) Importer(815301076,1909f56bfc062723c751e8b465ee728b)
Start importing Assets/BrightnessRegulator.cs using Guid(32491aa660c62d449a4c645aeafb9376) Importer(815301076,1909f56bfc062723c751e8b465ee728b)  -> (artifact id: '44a61683c9d33fd097650001f1b202f6') in 0.001471 seconds
  Import took 0.002977 seconds .

========================================================================
Received Prepare
Registering precompiled user dll's ...
Registered in 0.000356 seconds.
Begin MonoManager ReloadAssembly
Native extension for WindowsStandalone target not found
Native extension for WebGL target not found
Refreshing native plugins compatible for Editor in 0.18 ms, found 0 plugins.
Preloading 0 native plugins for Editor in 0.00 ms.
Mono: successfully reloaded assembly
- Completed reload, in  0.626 seconds
Platform modules already initialized, skipping
Switching build target platform(19) subTarget(0) extendedPlatform(0) -> platform(9) subTarget(16777218) extendedPlatform(0)
Refreshing native plugins compatible for Editor in 0.17 ms, found 0 plugins.
Preloading 0 native plugins for Editor in 0.00 ms.
Unloading 1118 Unused Serialized files (Serialized files now loaded: 0)
System memory in use before: 60.7 MB.
System memory in use after: 60.8 MB.

Unloading 5 unused Assets to reduce memory usage. Loaded Objects now: 1646.
Total: 1.316900 ms (FindLiveObjects: 0.140000 ms CreateObjectMapping: 0.035700 ms MarkObjects: 1.105400 ms  DeleteObjects: 0.035100 ms)

AssetImportParameters requested are different than current active one (requested -> active):
  custom:graphics/normal-map-encoding: 01000000000000000000000000000000 -> 02000000000000000000000000000000
========================================================================
Received Import Request.
  Time since last request: 81.562620 seconds.
  path: Assets/BrightnessRegulator.cs
  artifactKey: Guid(32491aa660c62d449a4c645aeafb9376) Importer(815301076,1909f56bfc062723c751e8b465ee728b)
Start importing Assets/BrightnessRegulator.cs using Guid(32491aa660c62d449a4c645aeafb9376) Importer(815301076,1909f56bfc062723c751e8b465ee728b)  -> (artifact id: '784b97f0489dc9e3ec7ad6b4b0a3b9c5') in 0.003134 seconds
  Import took 0.004685 seconds .

========================================================================
Received Import Request.
  Time since last request: 50.243443 seconds.
  path: Assets/SmallCloudPrefab.prefab
  artifactKey: Guid(f9d04ca07df41574b88dfbaa7845a96f) Importer(815301076,1909f56bfc062723c751e8b465ee728b)
Start importing Assets/SmallCloudPrefab.prefab using Guid(f9d04ca07df41574b88dfbaa7845a96f) Importer(815301076,1909f56bfc062723c751e8b465ee728b)  -> (artifact id: '1ad474e90480fbe8a6ac30f2f6b3afdc') in 0.048616 seconds
  Import took 0.050222 seconds .

========================================================================
Received Import Request.
  Time since last request: 10.965080 seconds.
  path: Assets/SmallStarPrefab.prefab
  artifactKey: Guid(ea9b689064569f84b814ddfce66ce9cc) Importer(815301076,1909f56bfc062723c751e8b465ee728b)
Start importing Assets/SmallStarPrefab.prefab using Guid(ea9b689064569f84b814ddfce66ce9cc) Importer(815301076,1909f56bfc062723c751e8b465ee728b)  -> (artifact id: '240d2474196419afef9d16dce13ec04a') in 0.108807 seconds
  Import took 0.110517 seconds .

========================================================================
Received Import Request.
  Time since last request: 0.922289 seconds.
  path: Assets/LargeStarPrefab.prefab
  artifactKey: Guid(f7f1dd2b2a718a14aafa5a98619c490c) Importer(815301076,1909f56bfc062723c751e8b465ee728b)
Start importing Assets/LargeStarPrefab.prefab using Guid(f7f1dd2b2a718a14aafa5a98619c490c) Importer(815301076,1909f56bfc062723c751e8b465ee728b)  -> (artifact id: 'b048b6294665c4ea128f613213018a78') in 0.015043 seconds
  Import took 0.016871 seconds .

========================================================================
Received Import Request.
  Time since last request: 0.006345 seconds.
  path: Assets/LargeStarPrefab.prefab
  artifactKey: Guid(f7f1dd2b2a718a14aafa5a98619c490c) Importer(815301076,1909f56bfc062723c751e8b465ee728b)
Start importing Assets/LargeStarPrefab.prefab using Guid(f7f1dd2b2a718a14aafa5a98619c490c) Importer(815301076,1909f56bfc062723c751e8b465ee728b)  -> (artifact id: 'b048b6294665c4ea128f613213018a78') in 0.013038 seconds
  Import took 0.014683 seconds .

========================================================================
Received Import Request.
  Time since last request: 0.947342 seconds.
  path: Assets/LargeCloudPrefab.prefab
  artifactKey: Guid(7fd8ec0adf892cf4d97d290bdd4e5a66) Importer(815301076,1909f56bfc062723c751e8b465ee728b)
Start importing Assets/LargeCloudPrefab.prefab using Guid(7fd8ec0adf892cf4d97d290bdd4e5a66) Importer(815301076,1909f56bfc062723c751e8b465ee728b)  -> (artifact id: '99643c5cc14cb6e09168276942b63532') in 0.007472 seconds
  Import took 0.009417 seconds .

========================================================================
Received Import Request.
  Time since last request: 0.007785 seconds.
  path: Assets/LargeCloudPrefab.prefab
  artifactKey: Guid(7fd8ec0adf892cf4d97d290bdd4e5a66) Importer(815301076,1909f56bfc062723c751e8b465ee728b)
Start importing Assets/LargeCloudPrefab.prefab using Guid(7fd8ec0adf892cf4d97d290bdd4e5a66) Importer(815301076,1909f56bfc062723c751e8b465ee728b)  -> (artifact id: '99643c5cc14cb6e09168276942b63532') in 0.005392 seconds
  Import took 0.007218 seconds .

========================================================================
Received Prepare
Registering precompiled user dll's ...
Registered in 0.000385 seconds.
Begin MonoManager ReloadAssembly
Native extension for WindowsStandalone target not found
Native extension for WebGL target not found
Refreshing native plugins compatible for Editor in 0.18 ms, found 0 plugins.
Preloading 0 native plugins for Editor in 0.00 ms.
Mono: successfully reloaded assembly
- Completed reload, in  0.641 seconds
Platform modules already initialized, skipping
Switching build target platform(19) subTarget(0) extendedPlatform(0) -> platform(9) subTarget(16777218) extendedPlatform(0)
Refreshing native plugins compatible for Editor in 0.17 ms, found 0 plugins.
Preloading 0 native plugins for Editor in 0.00 ms.
Unloading 1118 Unused Serialized files (Serialized files now loaded: 0)
System memory in use before: 60.7 MB.
System memory in use after: 60.8 MB.

Unloading 5 unused Assets to reduce memory usage. Loaded Objects now: 1650.
Total: 1.381200 ms (FindLiveObjects: 0.116900 ms CreateObjectMapping: 0.029800 ms MarkObjects: 1.199200 ms  DeleteObjects: 0.034500 ms)

AssetImportParameters requested are different than current active one (requested -> active):
  custom:graphics/normal-map-encoding: 01000000000000000000000000000000 -> 02000000000000000000000000000000
========================================================================
Received Import Request.
  Time since last request: 341.244490 seconds.
  path: Assets/BallController.cs
  artifactKey: Guid(066f32297236e2342b640e4b1840e16f) Importer(815301076,1909f56bfc062723c751e8b465ee728b)
Start importing Assets/BallController.cs using Guid(066f32297236e2342b640e4b1840e16f) Importer(815301076,1909f56bfc062723c751e8b465ee728b)  -> (artifact id: '1fe2721caa9464c689160bcf641f37cd') in 0.007941 seconds
  Import took 0.009606 seconds .

========================================================================
Received Prepare
Registering precompiled user dll's ...
Registered in 0.000323 seconds.
Begin MonoManager ReloadAssembly
Native extension for WindowsStandalone target not found
Native extension for WebGL target not found
Refreshing native plugins compatible for Editor in 0.24 ms, found 0 plugins.
Preloading 0 native plugins for Editor in 0.00 ms.
Mono: successfully reloaded assembly
- Completed reload, in  0.658 seconds
Platform modules already initialized, skipping
Switching build target platform(19) subTarget(0) extendedPlatform(0) -> platform(9) subTarget(16777218) extendedPlatform(0)
Refreshing native plugins compatible for Editor in 0.18 ms, found 0 plugins.
Preloading 0 native plugins for Editor in 0.00 ms.
Unloading 1119 Unused Serialized files (Serialized files now loaded: 0)
System memory in use before: 60.8 MB.
System memory in use after: 60.8 MB.

Unloading 5 unused Assets to reduce memory usage. Loaded Objects now: 1654.
Total: 1.259100 ms (FindLiveObjects: 0.120000 ms CreateObjectMapping: 0.033200 ms MarkObjects: 1.068300 ms  DeleteObjects: 0.036900 ms)

AssetImportParameters requested are different than current active one (requested -> active):
  custom:graphics/normal-map-encoding: 01000000000000000000000000000000 -> 02000000000000000000000000000000
========================================================================
Received Import Request.
  Time since last request: 109.433232 seconds.
  path: Assets/BallController.cs
  artifactKey: Guid(066f32297236e2342b640e4b1840e16f) Importer(815301076,1909f56bfc062723c751e8b465ee728b)
Start importing Assets/BallController.cs using Guid(066f32297236e2342b640e4b1840e16f) Importer(815301076,1909f56bfc062723c751e8b465ee728b)  -> (artifact id: '006baaf0fe79218d136d2755292093c6') in 0.003444 seconds
  Import took 0.015621 seconds .

========================================================================
Received Prepare
Registering precompiled user dll's ...
Registered in 0.000371 seconds.
Begin MonoManager ReloadAssembly
Native extension for WindowsStandalone target not found
Native extension for WebGL target not found
Refreshing native plugins compatible for Editor in 0.17 ms, found 0 plugins.
Preloading 0 native plugins for Editor in 0.00 ms.
Mono: successfully reloaded assembly
- Completed reload, in  0.633 seconds
Platform modules already initialized, skipping
Switching build target platform(19) subTarget(0) extendedPlatform(0) -> platform(9) subTarget(16777218) extendedPlatform(0)
Refreshing native plugins compatible for Editor in 0.18 ms, found 0 plugins.
Preloading 0 native plugins for Editor in 0.00 ms.
Unloading 1119 Unused Serialized files (Serialized files now loaded: 0)
System memory in use before: 60.8 MB.
System memory in use after: 60.8 MB.

Unloading 5 unused Assets to reduce memory usage. Loaded Objects now: 1657.
Total: 1.242500 ms (FindLiveObjects: 0.109500 ms CreateObjectMapping: 0.031000 ms MarkObjects: 1.066000 ms  DeleteObjects: 0.035200 ms)

AssetImportParameters requested are different than current active one (requested -> active):
  custom:graphics/normal-map-encoding: 01000000000000000000000000000000 -> 02000000000000000000000000000000
========================================================================
Received Import Request.
  Time since last request: 76.756931 seconds.
  path: Assets/BallController.cs
  artifactKey: Guid(066f32297236e2342b640e4b1840e16f) Importer(815301076,1909f56bfc062723c751e8b465ee728b)
Start importing Assets/BallController.cs using Guid(066f32297236e2342b640e4b1840e16f) Importer(815301076,1909f56bfc062723c751e8b465ee728b)  -> (artifact id: '4e9f76f13b2517efd547e25ac4a9c449') in 0.002929 seconds
  Import took 0.004435 seconds .

========================================================================
Received Prepare
Registering precompiled user dll's ...
Registered in 0.000340 seconds.
Begin MonoManager ReloadAssembly
Native extension for WindowsStandalone target not found
Native extension for WebGL target not found
Refreshing native plugins compatible for Editor in 0.18 ms, found 0 plugins.
Preloading 0 native plugins for Editor in 0.00 ms.
Mono: successfully reloaded assembly
- Completed reload, in  0.635 seconds
Platform modules already initialized, skipping
Switching build target platform(19) subTarget(0) extendedPlatform(0) -> platform(9) subTarget(16777218) extendedPlatform(0)
Refreshing native plugins compatible for Editor in 0.17 ms, found 0 plugins.
Preloading 0 native plugins for Editor in 0.00 ms.
Unloading 1119 Unused Serialized files (Serialized files now loaded: 0)
System memory in use before: 60.8 MB.
System memory in use after: 60.8 MB.

Unloading 5 unused Assets to reduce memory usage. Loaded Objects now: 1660.
Total: 1.296500 ms (FindLiveObjects: 0.128300 ms CreateObjectMapping: 0.036800 ms MarkObjects: 1.095900 ms  DeleteObjects: 0.034400 ms)

AssetImportParameters requested are different than current active one (requested -> active):
  custom:graphics/normal-map-encoding: 01000000000000000000000000000000 -> 02000000000000000000000000000000
========================================================================
Received Import Request.
  Time since last request: 829.456185 seconds.
  path: Assets/PointController.cs
  artifactKey: Guid(95128d68b52188643b04439dfa8e494d) Importer(815301076,1909f56bfc062723c751e8b465ee728b)
Start importing Assets/PointController.cs using Guid(95128d68b52188643b04439dfa8e494d) Importer(815301076,1909f56bfc062723c751e8b465ee728b)  -> (artifact id: 'ac62184db138e5ad7fc791ccba55be54') in 0.096791 seconds
  Import took 0.098671 seconds .

========================================================================
Received Prepare
Registering precompiled user dll's ...
Registered in 0.000326 seconds.
Begin MonoManager ReloadAssembly
Native extension for WindowsStandalone target not found
Native extension for WebGL target not found
Refreshing native plugins compatible for Editor in 0.23 ms, found 0 plugins.
Preloading 0 native plugins for Editor in 0.00 ms.
Mono: successfully reloaded assembly
- Completed reload, in  0.659 seconds
Platform modules already initialized, skipping
Switching build target platform(19) subTarget(0) extendedPlatform(0) -> platform(9) subTarget(16777218) extendedPlatform(0)
Refreshing native plugins compatible for Editor in 0.17 ms, found 0 plugins.
Preloading 0 native plugins for Editor in 0.00 ms.
Unloading 1120 Unused Serialized files (Serialized files now loaded: 0)
System memory in use before: 60.8 MB.
System memory in use after: 60.9 MB.

Unloading 5 unused Assets to reduce memory usage. Loaded Objects now: 1664.
Total: 1.282400 ms (FindLiveObjects: 0.119100 ms CreateObjectMapping: 0.032500 ms MarkObjects: 1.088200 ms  DeleteObjects: 0.042000 ms)

AssetImportParameters requested are different than current active one (requested -> active):
  custom:graphics/normal-map-encoding: 01000000000000000000000000000000 -> 02000000000000000000000000000000
========================================================================
Received Prepare
Registering precompiled user dll's ...
Registered in 0.000368 seconds.
Begin MonoManager ReloadAssembly
Native extension for WindowsStandalone target not found
Native extension for WebGL target not found
Refreshing native plugins compatible for Editor in 0.18 ms, found 0 plugins.
Preloading 0 native plugins for Editor in 0.00 ms.
Mono: successfully reloaded assembly
- Completed reload, in  0.636 seconds
Platform modules already initialized, skipping
Switching build target platform(19) subTarget(0) extendedPlatform(0) -> platform(9) subTarget(16777218) extendedPlatform(0)
Refreshing native plugins compatible for Editor in 0.17 ms, found 0 plugins.
Preloading 0 native plugins for Editor in 0.00 ms.
Unloading 1120 Unused Serialized files (Serialized files now loaded: 0)
System memory in use before: 60.8 MB.
System memory in use after: 60.9 MB.

Unloading 5 unused Assets to reduce memory usage. Loaded Objects now: 1667.
Total: 1.230800 ms (FindLiveObjects: 0.111000 ms CreateObjectMapping: 0.029500 ms MarkObjects: 1.051600 ms  DeleteObjects: 0.038000 ms)

AssetImportParameters requested are different than current active one (requested -> active):
  custom:graphics/normal-map-encoding: 01000000000000000000000000000000 -> 02000000000000000000000000000000
========================================================================
Received Prepare
Registering precompiled user dll's ...
Registered in 0.000740 seconds.
Begin MonoManager ReloadAssembly
Native extension for WindowsStandalone target not found
Native extension for WebGL target not found
Refreshing native plugins compatible for Editor in 0.18 ms, found 0 plugins.
Preloading 0 native plugins for Editor in 0.00 ms.
Mono: successfully reloaded assembly
- Completed reload, in  0.641 seconds
Platform modules already initialized, skipping
Switching build target platform(19) subTarget(0) extendedPlatform(0) -> platform(9) subTarget(16777218) extendedPlatform(0)
Refreshing native plugins compatible for Editor in 0.17 ms, found 0 plugins.
Preloading 0 native plugins for Editor in 0.00 ms.
Unloading 1120 Unused Serialized files (Serialized files now loaded: 0)
System memory in use before: 60.8 MB.
System memory in use after: 60.9 MB.

Unloading 5 unused Assets to reduce memory usage. Loaded Objects now: 1670.
Total: 1.262100 ms (FindLiveObjects: 0.109500 ms CreateObjectMapping: 0.030900 ms MarkObjects: 1.084400 ms  DeleteObjects: 0.036500 ms)

AssetImportParameters requested are different than current active one (requested -> active):
  custom:graphics/normal-map-encoding: 01000000000000000000000000000000 -> 02000000000000000000000000000000
========================================================================
Received Import Request.
  Time since last request: 737.988838 seconds.
  path: Assets/PointController.cs
  artifactKey: Guid(95128d68b52188643b04439dfa8e494d) Importer(815301076,1909f56bfc062723c751e8b465ee728b)
Start importing Assets/PointController.cs using Guid(95128d68b52188643b04439dfa8e494d) Importer(815301076,1909f56bfc062723c751e8b465ee728b)  -> (artifact id: '8ffc122823f5950e520a6bdfc7ebacf2') in 0.002773 seconds
  Import took 0.004236 seconds .

========================================================================
Received Prepare
Registering precompiled user dll's ...
Registered in 0.000586 seconds.
Begin MonoManager ReloadAssembly
Native extension for WindowsStandalone target not found
Native extension for WebGL target not found
Refreshing native plugins compatible for Editor in 0.19 ms, found 0 plugins.
Preloading 0 native plugins for Editor in 0.00 ms.
Mono: successfully reloaded assembly
- Completed reload, in  0.777 seconds
Platform modules already initialized, skipping
Switching build target platform(19) subTarget(0) extendedPlatform(0) -> platform(9) subTarget(16777218) extendedPlatform(0)
Refreshing native plugins compatible for Editor in 0.18 ms, found 0 plugins.
Preloading 0 native plugins for Editor in 0.00 ms.
Unloading 1120 Unused Serialized files (Serialized files now loaded: 0)
System memory in use before: 60.8 MB.
System memory in use after: 60.9 MB.

Unloading 5 unused Assets to reduce memory usage. Loaded Objects now: 1673.
Total: 1.512100 ms (FindLiveObjects: 0.167800 ms CreateObjectMapping: 0.069100 ms MarkObjects: 1.231700 ms  DeleteObjects: 0.042500 ms)

AssetImportParameters requested are different than current active one (requested -> active):
  custom:graphics/normal-map-encoding: 01000000000000000000000000000000 -> 02000000000000000000000000000000
========================================================================
Received Import Request.
  Time since last request: 559.443594 seconds.
  path: Assets/PointController.cs
  artifactKey: Guid(95128d68b52188643b04439dfa8e494d) Importer(815301076,1909f56bfc062723c751e8b465ee728b)
Start importing Assets/PointController.cs using Guid(95128d68b52188643b04439dfa8e494d) Importer(815301076,1909f56bfc062723c751e8b465ee728b)  -> (artifact id: 'fdfbc5e027dfb99114cdfb9251dc1d37') in 0.003233 seconds
  Import took 0.004978 seconds .

========================================================================
Received Prepare
Registering precompiled user dll's ...
Registered in 0.000359 seconds.
Begin MonoManager ReloadAssembly
Native extension for WindowsStandalone target not found
Native extension for WebGL target not found
Refreshing native plugins compatible for Editor in 0.24 ms, found 0 plugins.
Preloading 0 native plugins for Editor in 0.00 ms.
Mono: successfully reloaded assembly
- Completed reload, in  0.738 seconds
Platform modules already initialized, skipping
Switching build target platform(19) subTarget(0) extendedPlatform(0) -> platform(9) subTarget(16777218) extendedPlatform(0)
Refreshing native plugins compatible for Editor in 0.19 ms, found 0 plugins.
Preloading 0 native plugins for Editor in 0.00 ms.
Unloading 1120 Unused Serialized files (Serialized files now loaded: 0)
System memory in use before: 60.8 MB.
System memory in use after: 60.9 MB.

Unloading 5 unused Assets to reduce memory usage. Loaded Objects now: 1676.
Total: 1.460800 ms (FindLiveObjects: 0.137900 ms CreateObjectMapping: 0.037900 ms MarkObjects: 1.242600 ms  DeleteObjects: 0.041600 ms)

AssetImportParameters requested are different than current active one (requested -> active):
  custom:graphics/normal-map-encoding: 01000000000000000000000000000000 -> 02000000000000000000000000000000
========================================================================
Received Prepare
Registering precompiled user dll's ...
Registered in 0.000341 seconds.
Begin MonoManager ReloadAssembly
Native extension for WindowsStandalone target not found
Native extension for WebGL target not found
Refreshing native plugins compatible for Editor in 0.22 ms, found 0 plugins.
Preloading 0 native plugins for Editor in 0.00 ms.
Mono: successfully reloaded assembly
- Completed reload, in  0.644 seconds
Platform modules already initialized, skipping
Switching build target platform(19) subTarget(0) extendedPlatform(0) -> platform(9) subTarget(16777218) extendedPlatform(0)
Refreshing native plugins compatible for Editor in 0.17 ms, found 0 plugins.
Preloading 0 native plugins for Editor in 0.00 ms.
Unloading 1120 Unused Serialized files (Serialized files now loaded: 0)
System memory in use before: 60.8 MB.
System memory in use after: 60.9 MB.

Unloading 5 unused Assets to reduce memory usage. Loaded Objects now: 1679.
Total: 1.225200 ms (FindLiveObjects: 0.112400 ms CreateObjectMapping: 0.031100 ms MarkObjects: 1.045300 ms  DeleteObjects: 0.035800 ms)

AssetImportParameters requested are different than current active one (requested -> active):
  custom:graphics/normal-map-encoding: 01000000000000000000000000000000 -> 02000000000000000000000000000000
========================================================================
Received Prepare
Registering precompiled user dll's ...
Registered in 0.000374 seconds.
Begin MonoManager ReloadAssembly
Native extension for WindowsStandalone target not found
Native extension for WebGL target not found
Refreshing native plugins compatible for Editor in 0.17 ms, found 0 plugins.
Preloading 0 native plugins for Editor in 0.00 ms.
Mono: successfully reloaded assembly
- Completed reload, in  0.656 seconds
Platform modules already initialized, skipping
Switching build target platform(19) subTarget(0) extendedPlatform(0) -> platform(9) subTarget(16777218) extendedPlatform(0)
Refreshing native plugins compatible for Editor in 0.17 ms, found 0 plugins.
Preloading 0 native plugins for Editor in 0.00 ms.
Unloading 1120 Unused Serialized files (Serialized files now loaded: 0)
System memory in use before: 60.8 MB.
System memory in use after: 60.9 MB.

Unloading 5 unused Assets to reduce memory usage. Loaded Objects now: 1682.
Total: 1.297900 ms (FindLiveObjects: 0.117200 ms CreateObjectMapping: 0.030600 ms MarkObjects: 1.107000 ms  DeleteObjects: 0.042300 ms)

AssetImportParameters requested are different than current active one (requested -> active):
  custom:graphics/normal-map-encoding: 01000000000000000000000000000000 -> 02000000000000000000000000000000
========================================================================
Received Prepare
Registering precompiled user dll's ...
Registered in 0.000413 seconds.
Begin MonoManager ReloadAssembly
Native extension for WindowsStandalone target not found
Native extension for WebGL target not found
Refreshing native plugins compatible for Editor in 0.24 ms, found 0 plugins.
Preloading 0 native plugins for Editor in 0.00 ms.
Mono: successfully reloaded assembly
- Completed reload, in  0.656 seconds
Platform modules already initialized, skipping
Switching build target platform(19) subTarget(0) extendedPlatform(0) -> platform(9) subTarget(16777218) extendedPlatform(0)
Refreshing native plugins compatible for Editor in 0.19 ms, found 0 plugins.
Preloading 0 native plugins for Editor in 0.00 ms.
Unloading 1120 Unused Serialized files (Serialized files now loaded: 0)
System memory in use before: 60.8 MB.
System memory in use after: 60.9 MB.

Unloading 5 unused Assets to reduce memory usage. Loaded Objects now: 1685.
Total: 1.277600 ms (FindLiveObjects: 0.112400 ms CreateObjectMapping: 0.030500 ms MarkObjects: 1.095400 ms  DeleteObjects: 0.038500 ms)

AssetImportParameters requested are different than current active one (requested -> active):
  custom:graphics/normal-map-encoding: 01000000000000000000000000000000 -> 02000000000000000000000000000000
========================================================================
Received Prepare
Registering precompiled user dll's ...
Registered in 0.000376 seconds.
Begin MonoManager ReloadAssembly
Native extension for WindowsStandalone target not found
Native extension for WebGL target not found
Refreshing native plugins compatible for Editor in 0.17 ms, found 0 plugins.
Preloading 0 native plugins for Editor in 0.00 ms.
Mono: successfully reloaded assembly
- Completed reload, in  0.654 seconds
Platform modules already initialized, skipping
Switching build target platform(19) subTarget(0) extendedPlatform(0) -> platform(9) subTarget(16777218) extendedPlatform(0)
Refreshing native plugins compatible for Editor in 0.17 ms, found 0 plugins.
Preloading 0 native plugins for Editor in 0.00 ms.
Unloading 1120 Unused Serialized files (Serialized files now loaded: 0)
System memory in use before: 60.9 MB.
System memory in use after: 60.9 MB.

Unloading 5 unused Assets to reduce memory usage. Loaded Objects now: 1688.
Total: 1.319800 ms (FindLiveObjects: 0.126500 ms CreateObjectMapping: 0.032000 ms MarkObjects: 1.124100 ms  DeleteObjects: 0.036300 ms)

AssetImportParameters requested are different than current active one (requested -> active):
  custom:graphics/normal-map-encoding: 01000000000000000000000000000000 -> 02000000000000000000000000000000
========================================================================
Received Prepare
Registering precompiled user dll's ...
Registered in 0.000383 seconds.
Begin MonoManager ReloadAssembly
Native extension for WindowsStandalone target not found
Native extension for WebGL target not found
Refreshing native plugins compatible for Editor in 0.18 ms, found 0 plugins.
Preloading 0 native plugins for Editor in 0.00 ms.
Mono: successfully reloaded assembly
- Completed reload, in  0.645 seconds
Platform modules already initialized, skipping
Switching build target platform(19) subTarget(0) extendedPlatform(0) -> platform(9) subTarget(16777218) extendedPlatform(0)
Refreshing native plugins compatible for Editor in 0.17 ms, found 0 plugins.
Preloading 0 native plugins for Editor in 0.00 ms.
Unloading 1120 Unused Serialized files (Serialized files now loaded: 0)
System memory in use before: 60.9 MB.
System memory in use after: 60.9 MB.

Unloading 5 unused Assets to reduce memory usage. Loaded Objects now: 1691.
Total: 1.317200 ms (FindLiveObjects: 0.123000 ms CreateObjectMapping: 0.032000 ms MarkObjects: 1.119600 ms  DeleteObjects: 0.041900 ms)

AssetImportParameters requested are different than current active one (requested -> active):
  custom:graphics/normal-map-encoding: 01000000000000000000000000000000 -> 02000000000000000000000000000000
========================================================================
Received Prepare
Registering precompiled user dll's ...
Registered in 0.000434 seconds.
Begin MonoManager ReloadAssembly
Native extension for WindowsStandalone target not found
Native extension for WebGL target not found
Refreshing native plugins compatible for Editor in 0.30 ms, found 0 plugins.
Preloading 0 native plugins for Editor in 0.00 ms.
Mono: successfully reloaded assembly
- Completed reload, in  0.653 seconds
Platform modules already initialized, skipping
Switching build target platform(19) subTarget(0) extendedPlatform(0) -> platform(9) subTarget(16777218) extendedPlatform(0)
Refreshing native plugins compatible for Editor in 0.17 ms, found 0 plugins.
Preloading 0 native plugins for Editor in 0.00 ms.
Unloading 1120 Unused Serialized files (Serialized files now loaded: 0)
System memory in use before: 60.9 MB.
System memory in use after: 60.9 MB.

Unloading 5 unused Assets to reduce memory usage. Loaded Objects now: 1694.
Total: 1.351600 ms (FindLiveObjects: 0.136900 ms CreateObjectMapping: 0.034000 ms MarkObjects: 1.143200 ms  DeleteObjects: 0.036900 ms)

AssetImportParameters requested are different than current active one (requested -> active):
  custom:graphics/normal-map-encoding: 01000000000000000000000000000000 -> 02000000000000000000000000000000
========================================================================
Received Prepare
Registering precompiled user dll's ...
Registered in 0.000385 seconds.
Begin MonoManager ReloadAssembly
Native extension for WindowsStandalone target not found
Native extension for WebGL target not found
Refreshing native plugins compatible for Editor in 0.18 ms, found 0 plugins.
Preloading 0 native plugins for Editor in 0.00 ms.
Mono: successfully reloaded assembly
- Completed reload, in  0.663 seconds
Platform modules already initialized, skipping
Switching build target platform(19) subTarget(0) extendedPlatform(0) -> platform(9) subTarget(16777218) extendedPlatform(0)
Refreshing native plugins compatible for Editor in 0.17 ms, found 0 plugins.
Preloading 0 native plugins for Editor in 0.00 ms.
Unloading 1120 Unused Serialized files (Serialized files now loaded: 0)
System memory in use before: 60.9 MB.
System memory in use after: 60.9 MB.

Unloading 5 unused Assets to reduce memory usage. Loaded Objects now: 1697.
Total: 1.262100 ms (FindLiveObjects: 0.110100 ms CreateObjectMapping: 0.029600 ms MarkObjects: 1.086700 ms  DeleteObjects: 0.035100 ms)

AssetImportParameters requested are different than current active one (requested -> active):
  custom:graphics/normal-map-encoding: 01000000000000000000000000000000 -> 02000000000000000000000000000000
========================================================================
Received Prepare
Registering precompiled user dll's ...
Registered in 0.000472 seconds.
Begin MonoManager ReloadAssembly
Native extension for WindowsStandalone target not found
Native extension for WebGL target not found
Refreshing native plugins compatible for Editor in 0.18 ms, found 0 plugins.
Preloading 0 native plugins for Editor in 0.00 ms.
Mono: successfully reloaded assembly
- Completed reload, in  0.651 seconds
Platform modules already initialized, skipping
Switching build target platform(19) subTarget(0) extendedPlatform(0) -> platform(9) subTarget(16777218) extendedPlatform(0)
Refreshing native plugins compatible for Editor in 0.43 ms, found 0 plugins.
Preloading 0 native plugins for Editor in 0.00 ms.
Unloading 1120 Unused Serialized files (Serialized files now loaded: 0)
System memory in use before: 60.9 MB.
System memory in use after: 60.9 MB.

Unloading 5 unused Assets to reduce memory usage. Loaded Objects now: 1700.
Total: 1.281800 ms (FindLiveObjects: 0.118900 ms CreateObjectMapping: 0.032100 ms MarkObjects: 1.093400 ms  DeleteObjects: 0.036700 ms)

AssetImportParameters requested are different than current active one (requested -> active):
  custom:graphics/normal-map-encoding: 01000000000000000000000000000000 -> 02000000000000000000000000000000
========================================================================
Received Prepare
Registering precompiled user dll's ...
Registered in 0.000345 seconds.
Begin MonoManager ReloadAssembly
Native extension for WindowsStandalone target not found
Native extension for WebGL target not found
Refreshing native plugins compatible for Editor in 0.18 ms, found 0 plugins.
Preloading 0 native plugins for Editor in 0.00 ms.
Mono: successfully reloaded assembly
- Completed reload, in  0.651 seconds
Platform modules already initialized, skipping
Switching build target platform(19) subTarget(0) extendedPlatform(0) -> platform(9) subTarget(16777218) extendedPlatform(0)
Refreshing native plugins compatible for Editor in 0.18 ms, found 0 plugins.
Preloading 0 native plugins for Editor in 0.00 ms.
Unloading 1120 Unused Serialized files (Serialized files now loaded: 0)
System memory in use before: 60.9 MB.
System memory in use after: 61.0 MB.

Unloading 5 unused Assets to reduce memory usage. Loaded Objects now: 1703.
Total: 1.348000 ms (FindLiveObjects: 0.120700 ms CreateObjectMapping: 0.029400 ms MarkObjects: 1.161900 ms  DeleteObjects: 0.035300 ms)

AssetImportParameters requested are different than current active one (requested -> active):
  custom:graphics/normal-map-encoding: 01000000000000000000000000000000 -> 02000000000000000000000000000000
========================================================================
Received Prepare
Registering precompiled user dll's ...
Registered in 0.000415 seconds.
Begin MonoManager ReloadAssembly
Native extension for WindowsStandalone target not found
Native extension for WebGL target not found
Refreshing native plugins compatible for Editor in 0.28 ms, found 0 plugins.
Preloading 0 native plugins for Editor in 0.00 ms.
Mono: successfully reloaded assembly
- Completed reload, in  0.681 seconds
Platform modules already initialized, skipping
Switching build target platform(19) subTarget(0) extendedPlatform(0) -> platform(9) subTarget(16777218) extendedPlatform(0)
Refreshing native plugins compatible for Editor in 0.17 ms, found 0 plugins.
Preloading 0 native plugins for Editor in 0.00 ms.
Unloading 1120 Unused Serialized files (Serialized files now loaded: 0)
System memory in use before: 60.9 MB.
System memory in use after: 61.0 MB.

Unloading 5 unused Assets to reduce memory usage. Loaded Objects now: 1706.
Total: 1.334100 ms (FindLiveObjects: 0.139800 ms CreateObjectMapping: 0.036400 ms MarkObjects: 1.115600 ms  DeleteObjects: 0.041400 ms)

AssetImportParameters requested are different than current active one (requested -> active):
  custom:graphics/normal-map-encoding: 01000000000000000000000000000000 -> 02000000000000000000000000000000
========================================================================
Received Prepare
Registering precompiled user dll's ...
Registered in 0.000355 seconds.
Begin MonoManager ReloadAssembly
Native extension for WindowsStandalone target not found
Native extension for WebGL target not found
Refreshing native plugins compatible for Editor in 0.17 ms, found 0 plugins.
Preloading 0 native plugins for Editor in 0.00 ms.
Mono: successfully reloaded assembly
- Completed reload, in  0.675 seconds
Platform modules already initialized, skipping
Switching build target platform(19) subTarget(0) extendedPlatform(0) -> platform(9) subTarget(16777218) extendedPlatform(0)
Refreshing native plugins compatible for Editor in 0.18 ms, found 0 plugins.
Preloading 0 native plugins for Editor in 0.00 ms.
Unloading 1120 Unused Serialized files (Serialized files now loaded: 0)
System memory in use before: 60.9 MB.
System memory in use after: 61.0 MB.

Unloading 5 unused Assets to reduce memory usage. Loaded Objects now: 1709.
Total: 1.342000 ms (FindLiveObjects: 0.131800 ms CreateObjectMapping: 0.036500 ms MarkObjects: 1.131300 ms  DeleteObjects: 0.041100 ms)

AssetImportParameters requested are different than current active one (requested -> active):
  custom:graphics/normal-map-encoding: 01000000000000000000000000000000 -> 02000000000000000000000000000000
========================================================================
Received Prepare
Registering precompiled user dll's ...
Registered in 0.000347 seconds.
Begin MonoManager ReloadAssembly
Native extension for WindowsStandalone target not found
Native extension for WebGL target not found
Refreshing native plugins compatible for Editor in 0.18 ms, found 0 plugins.
Preloading 0 native plugins for Editor in 0.00 ms.
Mono: successfully reloaded assembly
- Completed reload, in  0.665 seconds
Platform modules already initialized, skipping
Switching build target platform(19) subTarget(0) extendedPlatform(0) -> platform(9) subTarget(16777218) extendedPlatform(0)
Refreshing native plugins compatible for Editor in 0.17 ms, found 0 plugins.
Preloading 0 native plugins for Editor in 0.00 ms.
Unloading 1120 Unused Serialized files (Serialized files now loaded: 0)
System memory in use before: 60.9 MB.
System memory in use after: 61.0 MB.

Unloading 5 unused Assets to reduce memory usage. Loaded Objects now: 1712.
Total: 1.274200 ms (FindLiveObjects: 0.122000 ms CreateObjectMapping: 0.034000 ms MarkObjects: 1.080200 ms  DeleteObjects: 0.037300 ms)

AssetImportParameters requested are different than current active one (requested -> active):
  custom:graphics/normal-map-encoding: 01000000000000000000000000000000 -> 02000000000000000000000000000000
========================================================================
Received Prepare
Registering precompiled user dll's ...
Registered in 0.000518 seconds.
Begin MonoManager ReloadAssembly
Native extension for WindowsStandalone target not found
Native extension for WebGL target not found
Refreshing native plugins compatible for Editor in 0.19 ms, found 0 plugins.
Preloading 0 native plugins for Editor in 0.00 ms.
Mono: successfully reloaded assembly
- Completed reload, in  0.749 seconds
Platform modules already initialized, skipping
Switching build target platform(19) subTarget(0) extendedPlatform(0) -> platform(9) subTarget(16777218) extendedPlatform(0)
Refreshing native plugins compatible for Editor in 0.17 ms, found 0 plugins.
Preloading 0 native plugins for Editor in 0.00 ms.
Unloading 1120 Unused Serialized files (Serialized files now loaded: 0)
System memory in use before: 60.9 MB.
System memory in use after: 61.0 MB.

Unloading 5 unused Assets to reduce memory usage. Loaded Objects now: 1715.
Total: 1.330200 ms (FindLiveObjects: 0.124200 ms CreateObjectMapping: 0.049600 ms MarkObjects: 1.116000 ms  DeleteObjects: 0.039700 ms)

AssetImportParameters requested are different than current active one (requested -> active):
  custom:graphics/normal-map-encoding: 01000000000000000000000000000000 -> 02000000000000000000000000000000
